Godot Engine v4.3.stable.official.77dcf97d8 - https://godotengine.org
Vulkan 1.3.289 - Forward Mobile - Using Device #0: NVIDIA - NVIDIA GeForce RTX 3060 Laptop GPU

This koy is immune to fire damage and only base damage is applied!
Taking damage from: Basic Bullet Fire | Health: 99
This koy is immune to fire damage and only base damage is applied!
Taking damage from: Basic Bullet Fire | Health: 98
This koy is immune to fire damage and only base damage is applied!
Taking damage from: Basic Bullet Fire | Health: 97
This koy is immune to fire damage and only base damage is applied!
Taking damage from: Basic Bullet Fire | Health: 96
This koy is immune to fire damage and only base damage is applied!
Taking damage from: Basic Bullet Fire | Health: 95
This koy is immune to fire damage and only base damage is applied!
Taking damage from: Basic Bullet Fire | Health: 94
This koy is immune to fire damage and only base damage is applied!
Taking damage from: Basic Bullet Fire | Health: 93
This koy is immune to fire damage and only base damage is applied!
Taking damage from: Basic Bullet Fire | Health: 92
This koy is immune to fire damage and only base damage is applied!
Taking damage from: Basic Bullet Fire | Health: 91
This koy is immune to fire damage and only base damage is applied!
Taking damage from: Basic Bullet Fire | Health: 90
This koy is immune to fire damage and only base damage is applied!
Taking damage from: Basic Bullet Fire | Health: 89
This koy is immune to fire damage and only base damage is applied!
Taking damage from: Basic Bullet Fire | Health: 88
This koy is immune to fire damage and only base damage is applied!
Taking damage from: Basic Bullet Fire | Health: 87
This mob is vulnerable to fire and takes additional fire damage!
Taking damage from: Basic Bullet Fire | Health: 39
This koy is immune to fire damage and only base damage is applied!
Taking damage from: Basic Bullet Fire | Health: 86
This koy is immune to fire damage and only base damage is applied!
Taking damage from: Basic Bullet Fire | Health: 85
This koy is immune to fire damage and only base damage is applied!
Taking damage from: Basic Bullet Fire | Health: 84
This koy is immune to fire damage and only base damage is applied!
Taking damage from: Basic Bullet Fire | Health: 83
This koy is immune to fire damage and only base damage is applied!
Taking damage from: Basic Bullet Fire | Health: 82
This koy is immune to fire damage and only base damage is applied!
Taking damage from: Basic Bullet Fire | Health: 81
This koy is immune to fire damage and only base damage is applied!
Taking damage from: Basic Bullet Fire | Health: 80
This koy is immune to fire damage and only base damage is applied!
Taking damage from: Basic Bullet Fire | Health: 79
This koy is immune to fire damage and only base damage is applied!
Taking damage from: Basic Bullet Fire | Health: 78
This koy is immune to fire damage and only base damage is applied!
Taking damage from: Basic Bullet Fire | Health: 77
This koy is immune to fire damage and only base damage is applied!
Taking damage from: Basic Bullet Fire | Health: 76
This koy is immune to fire damage and only base damage is applied!
Taking damage from: Basic Bullet Fire | Health: 75
This koy is immune to fire damage and only base damage is applied!
Taking damage from: Basic Bullet Fire | Health: 74
This koy is immune to fire damage and only base damage is applied!
Taking damage from: Basic Bullet Fire | Health: 73
This koy is immune to fire damage and only base damage is applied!
Taking damage from: Basic Bullet Fire | Health: 72
This koy is immune to fire damage and only base damage is applied!
Taking damage from: Basic Bullet Fire | Health: 71
This koy is immune to fire damage and only base damage is applied!
Taking damage from: Basic Bullet Fire | Health: 70
This koy is immune to fire damage and only base damage is applied!
Taking damage from: Basic Bullet Fire | Health: 69
This koy is immune to fire damage and only base damage is applied!
Taking damage from: Basic Bullet Fire | Health: 68
This koy is immune to fire damage and only base damage is applied!
Taking damage from: Basic Bullet Fire | Health: 67
This koy is immune to fire damage and only base damage is applied!
Taking damage from: Basic Bullet Fire | Health: 66
This koy is immune to fire damage and only base damage is applied!
Taking damage from: Basic Bullet Fire | Health: 65
This koy is immune to fire damage and only base damage is applied!
Taking damage from: Basic Bullet Fire | Health: 64
This koy is immune to fire damage and only base damage is applied!
Taking damage from: Basic Bullet Fire | Health: 63
This mob is vulnerable to fire and takes additional fire damage!
Taking damage from: Basic Bullet Fire | Health: 28
This mob is vulnerable to fire and takes additional fire damage!
Taking damage from: Basic Bullet Fire | Health: 17
This mob is vulnerable to fire and takes additional fire damage!
Taking damage from: Basic Bullet Fire | Health: 6
This mob is vulnerable to fire and takes additional fire damage!
Taking damage from: Basic Bullet Fire | Health: -5
This koy is immune to fire damage and only base damage is applied!
Taking damage from: Basic Bullet Fire | Health: 62
This koy is immune to fire damage and only base damage is applied!
Taking damage from: Basic Bullet Fire | Health: 61
This koy is immune to fire damage and only base damage is applied!
Taking damage from: Basic Bullet Fire | Health: 60
This koy is immune to fire damage and only base damage is applied!
Taking damage from: Basic Bullet Fire | Health: 59
This koy is immune to fire damage and only base damage is applied!
Taking damage from: Basic Bullet Fire | Health: 58
This koy is immune to fire damage and only base damage is applied!
Taking damage from: Basic Bullet Fire | Health: 57
This koy is immune to fire damage and only base damage is applied!
Taking damage from: Basic Bullet Fire | Health: 56
This koy is immune to fire damage and only base damage is applied!
Taking damage from: Basic Bullet Fire | Health: 55
This koy is immune to fire damage and only base damage is applied!
Taking damage from: Basic Bullet Fire | Health: 54
This koy is immune to fire damage and only base damage is applied!
Taking damage from: Basic Bullet Fire | Health: 53
This koy is immune to fire damage and only base damage is applied!
Taking damage from: Basic Bullet Fire | Health: 52
This koy is immune to fire damage and only base damage is applied!
Taking damage from: Basic Bullet Fire | Health: 51
This koy is immune to fire damage and only base damage is applied!
Taking damage from: Basic Bullet Fire | Health: 50
This koy is immune to fire damage and only base damage is applied!
Taking damage from: Basic Bullet Fire | Health: 49
This koy is immune to fire damage and only base damage is applied!
Taking damage from: Basic Bullet Fire | Health: 48
This koy is immune to fire damage and only base damage is applied!
Taking damage from: Basic Bullet Fire | Health: 47
This koy is immune to fire damage and only base damage is applied!
Taking damage from: Basic Bullet Fire | Health: 46
This koy is immune to fire damage and only base damage is applied!
Taking damage from: Basic Bullet Fire | Health: 45
This koy is immune to fire damage and only base damage is applied!
Taking damage from: Basic Bullet Fire | Health: 44
This koy is immune to fire damage and only base damage is applied!
Taking damage from: Basic Bullet Fire | Health: 43
This koy is immune to fire damage and only base damage is applied!
Taking damage from: Basic Bullet Fire | Health: 42
This koy is immune to fire damage and only base damage is applied!
Taking damage from: Basic Bullet Fire | Health: 41
This koy is immune to fire damage and only base damage is applied!
Taking damage from: Basic Bullet Fire | Health: 40
This koy is immune to fire damage and only base damage is applied!
Taking damage from: Basic Bullet Fire | Health: 39
This koy is immune to fire damage and only base damage is applied!
Taking damage from: Basic Bullet Fire | Health: 38
This koy is immune to fire damage and only base damage is applied!
Taking damage from: Basic Bullet Fire | Health: 37
This koy is immune to fire damage and only base damage is applied!
Taking damage from: Basic Bullet Fire | Health: 36
This koy is immune to fire damage and only base damage is applied!
Taking damage from: Basic Bullet Fire | Health: 35
This koy is immune to fire damage and only base damage is applied!
Taking damage from: Basic Bullet Fire | Health: 34
This koy is immune to fire damage and only base damage is applied!
Taking damage from: Basic Bullet Fire | Health: 33
This koy is immune to fire damage and only base damage is applied!
Taking damage from: Basic Bullet Fire | Health: 32
This koy is immune to fire damage and only base damage is applied!
Taking damage from: Basic Bullet Fire | Health: 31
This koy is immune to fire damage and only base damage is applied!
Taking damage from: Basic Bullet Fire | Health: 30
This koy is immune to fire damage and only base damage is applied!
Taking damage from: Basic Bullet Fire | Health: 29
This koy is immune to fire damage and only base damage is applied!
Taking damage from: Basic Bullet Fire | Health: 28
This koy is immune to fire damage and only base damage is applied!
Taking damage from: Basic Bullet Fire | Health: 27
This koy is immune to fire damage and only base damage is applied!
Taking damage from: Basic Bullet Fire | Health: 26
This koy is immune to fire damage and only base damage is applied!
Taking damage from: Basic Bullet Fire | Health: 25
This koy is immune to fire damage and only base damage is applied!
Taking damage from: Basic Bullet Fire | Health: 24
This koy is immune to fire damage and only base damage is applied!
Taking damage from: Basic Bullet Fire | Health: 23
This koy is immune to fire damage and only base damage is applied!
Taking damage from: Basic Bullet Fire | Health: 22
This koy is immune to fire damage and only base damage is applied!
Taking damage from: Basic Bullet Fire | Health: 21
This koy is immune to fire damage and only base damage is applied!
Taking damage from: Basic Bullet Fire | Health: 20
This koy is immune to fire damage and only base damage is applied!
Taking damage from: Basic Bullet Fire | Health: 19
This koy is immune to fire damage and only base damage is applied!
Taking damage from: Basic Bullet Fire | Health: 18
This koy is immune to fire damage and only base damage is applied!
Taking damage from: Basic Bullet Fire | Health: 17
This koy is immune to fire damage and only base damage is applied!
Taking damage from: Basic Bullet Fire | Health: 16
This koy is immune to fire damage and only base damage is applied!
Taking damage from: Basic Bullet Fire | Health: 15
This koy is immune to fire damage and only base damage is applied!
Taking damage from: Basic Bullet Fire | Health: 14
This koy is immune to fire damage and only base damage is applied!
Taking damage from: Basic Bullet Fire | Health: 13
This koy is immune to fire damage and only base damage is applied!
Taking damage from: Basic Bullet Fire | Health: 12
This koy is immune to fire damage and only base damage is applied!
Taking damage from: Basic Bullet Fire | Health: 11
This koy is immune to fire damage and only base damage is applied!
Taking damage from: Basic Bullet Fire | Health: 10
This koy is immune to fire damage and only base damage is applied!
Taking damage from: Basic Bullet Fire | Health: 9
This koy is immune to fire damage and only base damage is applied!
Taking damage from: Basic Bullet Fire | Health: 8
This koy is immune to fire damage and only base damage is applied!
Taking damage from: Basic Bullet Fire | Health: 7
This koy is immune to fire damage and only base damage is applied!
Taking damage from: Basic Bullet Fire | Health: 6
This koy is immune to fire damage and only base damage is applied!
Taking damage from: Basic Bullet Fire | Health: 5
This koy is immune to fire damage and only base damage is applied!
Taking damage from: Basic Bullet Fire | Health: 4
This koy is immune to fire damage and only base damage is applied!
Taking damage from: Basic Bullet Fire | Health: 3
This koy is immune to fire damage and only base damage is applied!
Taking damage from: Basic Bullet Fire | Health: 2
This koy is immune to fire damage and only base damage is applied!
Taking damage from: Basic Bullet Fire | Health: 1
This koy is immune to fire damage and only base damage is applied!
Taking damage from: Basic Bullet Fire | Health: 0
