Godot Engine v4.3.stable.official.77dcf97d8 - https://godotengine.org
Vulkan 1.3.289 - Forward Mobile - Using Device #0: NVIDIA - NVIDIA GeForce RTX 3060 Laptop GPU

This koy is immune to fire damage and only base damage is applied!
Taking damage from: Basic Bullet Fire | Health: 99
This koy is immune to fire damage and only base damage is applied!
Taking damage from: Basic Bullet Fire | Health: 98
This koy is immune to fire damage and only base damage is applied!
Taking damage from: Basic Bullet Fire | Health: 97
This mob is vulnerable to fire and takes additional fire damage!
Taking damage from: Basic Bullet Fire | Health: 39
This mob is vulnerable to fire and takes additional fire damage!
Taking damage from: Basic Bullet Fire | Health: 28
This mob is vulnerable to fire and takes additional fire damage!
Taking damage from: Basic Bullet Fire | Health: 17
This koy is immune to fire damage and only base damage is applied!
Taking damage from: Basic Bullet Fire | Health: 96
This mob is vulnerable to fire and takes additional fire damage!
Taking damage from: Basic Bullet Fire | Health: 6
This koy is immune to fire damage and only base damage is applied!
Taking damage from: Basic Bullet Fire | Health: 95
This mob is vulnerable to fire and takes additional fire damage!
Taking damage from: Basic Bullet Fire | Health: -5
